<?xml version="1.0" encoding="UTF-8"?>
<!-- Generated by org.testng.reporters.JUnitReportReporter -->
<testsuite hostname="SCI-BD-L17-3291" failures="0" tests="1" name="pinoyParent.testCases.Profile_TestCase" time="91.495" errors="0" timestamp="2022-06-27T20:00:53 BDT" skipped="0">
  <testcase classname="pinoyParent.testCases.Profile_TestCase" name="profileInfo" time="91.495"/>
  <system-out/>
</testsuite> <!-- pinoyParent.testCases.Profile_TestCase -->
