<?xml version="1.0" encoding="UTF-8"?>
<!-- Generated by org.testng.reporters.JUnitReportReporter -->
<testsuite hostname="SCI-BD-L17-3291" failures="0" tests="4" name="pinoyParent.testCases.Login_TestCase" time="171.798" errors="0" timestamp="2022-06-28T23:34:14 BDT" skipped="0">
  <testcase classname="pinoyParent.testCases.Login_TestCase" name="loginTest" time="43.700"/>
  <system-out/>
  <testcase classname="pinoyParent.testCases.Login_TestCase" name="invalidUser" time="41.136"/>
  <system-out/>
  <testcase classname="pinoyParent.testCases.Login_TestCase" name="invalidPass" time="43.260"/>
  <system-out/>
  <testcase classname="pinoyParent.testCases.Login_TestCase" name="loginWithEmptyFields" time="43.702"/>
  <system-out/>
</testsuite> <!-- pinoyParent.testCases.Login_TestCase -->
