<?xml version="1.0" encoding="UTF-8"?>
<!-- Generated by org.testng.reporters.JUnitReportReporter -->
<testsuite hostname="SCI-BD-L17-3291" failures="0" tests="1" name="pinoyParent.testCases.SignUp_TestCase" time="49.511" errors="0" timestamp="2022-06-27T19:56:43 BDT" skipped="0">
  <testcase classname="pinoyParent.testCases.SignUp_TestCase" name="signUpTest" time="49.511"/>
  <system-out/>
</testsuite> <!-- pinoyParent.testCases.SignUp_TestCase -->
