<?xml version="1.0" encoding="UTF-8"?>
<!-- Generated by org.testng.reporters.JUnitReportReporter -->
<testsuite hostname="SCI-BD-L17-3291" failures="0" tests="13" name="pinoyParent.testCases.Menu_TestCase" time="620.071" errors="0" timestamp="2022-06-26T13:03:28 BDT" skipped="0">
  <testcase classname="pinoyParent.testCases.Menu_TestCase" name="shortCourseMenu" time="45.871"/>
  <system-out/>
  <testcase classname="pinoyParent.testCases.Menu_TestCase" name="articleBlogsMenu" time="42.998"/>
  <system-out/>
  <testcase classname="pinoyParent.testCases.Menu_TestCase" name="videoContentMenu" time="43.888"/>
  <system-out/>
  <testcase classname="pinoyParent.testCases.Menu_TestCase" name="communityMenu" time="44.026"/>
  <system-out/>
  <testcase classname="pinoyParent.testCases.Menu_TestCase" name="storeMenu" time="66.972"/>
  <system-out/>
  <testcase classname="pinoyParent.testCases.Menu_TestCase" name="subscriptionMenu" time="46.588"/>
  <system-out/>
  <testcase classname="pinoyParent.testCases.Menu_TestCase" name="rewardMenu" time="46.259"/>
  <system-out/>
  <testcase classname="pinoyParent.testCases.Menu_TestCase" name="helpLineMenu" time="46.039"/>
  <system-out/>
  <testcase classname="pinoyParent.testCases.Menu_TestCase" name="aboutUsMenu" time="48.588"/>
  <system-out/>
  <testcase classname="pinoyParent.testCases.Menu_TestCase" name="settingsMenu" time="47.378"/>
  <system-out/>
  <testcase classname="pinoyParent.testCases.Menu_TestCase" name="termsConditionMenu" time="45.299"/>
  <system-out/>
  <testcase classname="pinoyParent.testCases.Menu_TestCase" name="privacyPolicyMenu" time="47.593"/>
  <system-out/>
  <testcase classname="pinoyParent.testCases.Menu_TestCase" name="logoutMenu" time="48.572"/>
  <system-out/>
</testsuite> <!-- pinoyParent.testCases.Menu_TestCase -->
